Using pre-set license
Built from '2020.2/staging' branch; Version is '2020.2.6f1 (8a2143876886) revision 9052483'; Using compiler version '192528614'; Build Type 'Release'
OS: 'Windows 10 Home; OS build 19043.1348; Version 2009; 64bit' Language: 'en' Physical Memory: 8039 MB
BatchMode: 1, IsHumanControllingUs: 0, StartBugReporterOnCrash: 0, Is64bit: 1, IsPro: 0

 COMMAND LINE ARGUMENTS:
E:\UNITY\2020.2.6f1\Editor\Unity.exe
-adb2
-batchMode
-noUpm
-name
AssetImportWorker0
-projectPath
E:/UNITY/PROJECTS/HEX-navigation-main/HEX navigation
-logFile
Logs/AssetImportWorker0.log
-srvPort
57470
Successfully changed project path to: E:/UNITY/PROJECTS/HEX-navigation-main/HEX navigation
E:/UNITY/PROJECTS/HEX-navigation-main/HEX navigation
Using Asset Import Pipeline V2.
Refreshing native plugins compatible for Editor in 24.07 ms, found 0 plugins.
Preloading 0 native plugins for Editor in 0.00 ms.
Initialize engine version: 2020.2.6f1 (8a2143876886)
[Subsystems] Discovering subsystems at path E:/UNITY/2020.2.6f1/Editor/Data/Resources/UnitySubsystems
[Subsystems] Discovering subsystems at path E:/UNITY/PROJECTS/HEX-navigation-main/HEX navigation/Assets
GfxDevice: creating device client; threaded=0
Direct3D:
    Version:  Direct3D 11.0 [level 11.1]
    Renderer: NVIDIA GeForce GTX 1050 Ti (ID=0x1c8c)
    Vendor:   
    VRAM:     4021 MB
    Driver:   27.21.14.6663
Initialize mono
Mono path[0] = 'E:/UNITY/2020.2.6f1/Editor/Data/Managed'
Mono path[1] = 'E:/UNITY/2020.2.6f1/Editor/Data/MonoBleedingEdge/lib/mono/unityjit'
Mono config path = 'E:/UNITY/2020.2.6f1/Editor/Data/MonoBleedingEdge/etc'
Using monoOptions --debugger-agent=transport=dt_socket,embedding=1,server=y,suspend=n,address=127.0.0.1:56444
Begin MonoManager ReloadAssembly
Registering precompiled unity dll's ...
Register platform support module: E:/UNITY/2020.2.6f1/Editor/Data/PlaybackEngines/WebGLSupport/UnityEditor.WebGL.Extensions.dll
Register platform support module: E:/UNITY/2020.2.6f1/Editor/Data/PlaybackEngines/WindowsStandaloneSupport/UnityEditor.WindowsStandalone.Extensions.dll
Registered in 0.001198 seconds.
Native extension for WindowsStandalone target not found
Native extension for WebGL target not found
Refreshing native plugins compatible for Editor in 22.44 ms, found 0 plugins.
Preloading 0 native plugins for Editor in 0.00 ms.
Invoked RoslynAnalysisRunner static constructor.
RoslynAnalysisRunner will not be running.
RoslynAnalysisRunner has terminated.
Mono: successfully reloaded assembly
- Completed reload, in  0.780 seconds
Platform modules already initialized, skipping
Registering precompiled user dll's ...
Registered in 0.001606 seconds.
Begin MonoManager ReloadAssembly
Native extension for WindowsStandalone target not found
Native extension for WebGL target not found
Refreshing native plugins compatible for Editor in 0.24 ms, found 0 plugins.
Preloading 0 native plugins for Editor in 0.00 ms.
Invoked RoslynAnalysisRunner static constructor.
RoslynAnalysisRunner will not be running.
RoslynAnalysisRunner has terminated.
Mono: successfully reloaded assembly
- Completed reload, in  0.700 seconds
Platform modules already initialized, skipping
========================================================================
Worker process is ready to serve import requests
Launched and connected shader compiler UnityShaderCompiler.exe after 0.04 seconds
Refreshing native plugins compatible for Editor in 0.24 ms, found 0 plugins.
Preloading 0 native plugins for Editor in 0.00 ms.
Unloading 1218 Unused Serialized files (Serialized files now loaded: 0)
System memory in use before: 61.4 MB.
System memory in use after: 61.5 MB.

Unloading 15 unused Assets to reduce memory usage. Loaded Objects now: 1656.
Total: 1.516600 ms (FindLiveObjects: 0.184000 ms CreateObjectMapping: 0.043100 ms MarkObjects: 1.238700 ms  DeleteObjects: 0.050200 ms)

========================================================================
Received Import Request.
  path: Assets/scripts/map.cs
  artifactKey: Guid(06111fc5b0047214d8056d4624ad26d1) Importer(815301076,1909f56bfc062723c751e8b465ee728b)
Start importing Assets/scripts/map.cs using Guid(06111fc5b0047214d8056d4624ad26d1) Importer(815301076,1909f56bfc062723c751e8b465ee728b)  -> (artifact id: '4bedd41dbbc2f2852337c8d16eaa4e4a') in 0.044689 seconds
  Import took 0.046878 seconds .

========================================================================
Received Import Request.
  Time since last request: 1.432128 seconds.
  path: Assets/scripts/itemControl.cs
  artifactKey: Guid(9f83628742677b743872f64d93835061) Importer(815301076,1909f56bfc062723c751e8b465ee728b)
Start importing Assets/scripts/itemControl.cs using Guid(9f83628742677b743872f64d93835061) Importer(815301076,1909f56bfc062723c751e8b465ee728b)  -> (artifact id: '7414cc879014ce8316c831b1d7215d74') in 0.005989 seconds
  Import took 0.007806 seconds .

========================================================================
Received Import Request.
  Time since last request: 48.688511 seconds.
  path: Assets/scripts/itemControl.cs
  artifactKey: Guid(9f83628742677b743872f64d93835061) Importer(815301076,1909f56bfc062723c751e8b465ee728b)
Start importing Assets/scripts/itemControl.cs using Guid(9f83628742677b743872f64d93835061) Importer(815301076,1909f56bfc062723c751e8b465ee728b)  -> (artifact id: '68e265effb22c25cc7d9f1abb53d94ee') in 0.002114 seconds
  Import took 0.004374 seconds .

========================================================================
Received Import Request.
  Time since last request: 0.003074 seconds.
  path: Assets/scripts/itemControl.cs
  artifactKey: Guid(9f83628742677b743872f64d93835061) Importer(815301076,1909f56bfc062723c751e8b465ee728b)
Start importing Assets/scripts/itemControl.cs using Guid(9f83628742677b743872f64d93835061) Importer(815301076,1909f56bfc062723c751e8b465ee728b)  -> (artifact id: '68e265effb22c25cc7d9f1abb53d94ee') in 0.002294 seconds
  Import took 0.004700 seconds .

========================================================================
Received Import Request.
  Time since last request: 59.184971 seconds.
  path: Assets/scripts/itemControl.cs
  artifactKey: Guid(9f83628742677b743872f64d93835061) Importer(815301076,1909f56bfc062723c751e8b465ee728b)
Start importing Assets/scripts/itemControl.cs using Guid(9f83628742677b743872f64d93835061) Importer(815301076,1909f56bfc062723c751e8b465ee728b)  -> (artifact id: '6b33443d994b525661928072d9c528e1') in 0.003939 seconds
  Import took 0.007511 seconds .

========================================================================
Received Import Request.
  Time since last request: 0.002278 seconds.
  path: Assets/scripts/itemControl.cs
  artifactKey: Guid(9f83628742677b743872f64d93835061) Importer(815301076,1909f56bfc062723c751e8b465ee728b)
Start importing Assets/scripts/itemControl.cs using Guid(9f83628742677b743872f64d93835061) Importer(815301076,1909f56bfc062723c751e8b465ee728b)  -> (artifact id: '6b33443d994b525661928072d9c528e1') in 0.003572 seconds
  Import took 0.006239 seconds .

========================================================================
Received Prepare
Registering precompiled user dll's ...
Registered in 0.001634 seconds.
Begin MonoManager ReloadAssembly
Native extension for WindowsStandalone target not found
Native extension for WebGL target not found
Refreshing native plugins compatible for Editor in 0.24 ms, found 0 plugins.
Preloading 0 native plugins for Editor in 0.00 ms.
Invoked RoslynAnalysisRunner static constructor.
RoslynAnalysisRunner will not be running.
RoslynAnalysisRunner has terminated.
Mono: successfully reloaded assembly
- Completed reload, in  0.731 seconds
Platform modules already initialized, skipping
Refreshing native plugins compatible for Editor in 0.28 ms, found 0 plugins.
Preloading 0 native plugins for Editor in 0.00 ms.
Unloading 1213 Unused Serialized files (Serialized files now loaded: 0)
System memory in use before: 61.3 MB.
System memory in use after: 61.4 MB.

Unloading 10 unused Assets to reduce memory usage. Loaded Objects now: 1658.
Total: 3.729800 ms (FindLiveObjects: 0.205500 ms CreateObjectMapping: 0.045600 ms MarkObjects: 3.436200 ms  DeleteObjects: 0.040400 ms)

========================================================================
Received Prepare
Registering precompiled user dll's ...
Registered in 0.001472 seconds.
Begin MonoManager ReloadAssembly
Native extension for WindowsStandalone target not found
Native extension for WebGL target not found
Refreshing native plugins compatible for Editor in 0.39 ms, found 0 plugins.
Preloading 0 native plugins for Editor in 0.00 ms.
Invoked RoslynAnalysisRunner static constructor.
RoslynAnalysisRunner will not be running.
RoslynAnalysisRunner has terminated.
Mono: successfully reloaded assembly
- Completed reload, in  0.660 seconds
Platform modules already initialized, skipping
Refreshing native plugins compatible for Editor in 0.25 ms, found 0 plugins.
Preloading 0 native plugins for Editor in 0.00 ms.
Unloading 1213 Unused Serialized files (Serialized files now loaded: 0)
System memory in use before: 61.4 MB.
System memory in use after: 61.5 MB.

Unloading 10 unused Assets to reduce memory usage. Loaded Objects now: 1660.
Total: 1.683200 ms (FindLiveObjects: 0.169900 ms CreateObjectMapping: 0.057800 ms MarkObjects: 1.435500 ms  DeleteObjects: 0.018600 ms)

========================================================================
Received Prepare
Refreshing native plugins compatible for Editor in 1.55 ms, found 0 plugins.
Preloading 0 native plugins for Editor in 0.00 ms.
Unloading 8 Unused Serialized files (Serialized files now loaded: 0)
System memory in use before: 37.5 MB.
System memory in use after: 37.6 MB.

Unloading 7 unused Assets to reduce memory usage. Loaded Objects now: 1660.
Total: 2.711600 ms (FindLiveObjects: 0.344700 ms CreateObjectMapping: 0.095100 ms MarkObjects: 2.254500 ms  DeleteObjects: 0.015700 ms)

========================================================================
Received Prepare
Registering precompiled user dll's ...
Registered in 0.001551 seconds.
Begin MonoManager ReloadAssembly
Native extension for WindowsStandalone target not found
Native extension for WebGL target not found
Refreshing native plugins compatible for Editor in 0.95 ms, found 0 plugins.
Preloading 0 native plugins for Editor in 0.00 ms.
Invoked RoslynAnalysisRunner static constructor.
RoslynAnalysisRunner will not be running.
RoslynAnalysisRunner has terminated.
Mono: successfully reloaded assembly
- Completed reload, in  1.099 seconds
Platform modules already initialized, skipping
Refreshing native plugins compatible for Editor in 0.33 ms, found 0 plugins.
Preloading 0 native plugins for Editor in 0.00 ms.
Unloading 1213 Unused Serialized files (Serialized files now loaded: 0)
System memory in use before: 61.4 MB.
System memory in use after: 61.5 MB.

Unloading 10 unused Assets to reduce memory usage. Loaded Objects now: 1662.
Total: 2.869400 ms (FindLiveObjects: 0.217100 ms CreateObjectMapping: 0.093600 ms MarkObjects: 2.421600 ms  DeleteObjects: 0.133900 ms)

AssetImportWorkerClient::OnTransportError - code=2 error=End of file
