Using pre-set license
Built from '2020.2/staging' branch; Version is '2020.2.6f1 (8a2143876886) revision 9052483'; Using compiler version '192528614'; Build Type 'Release'
OS: 'Windows 10 Home; OS build 19041.1052; Version 2004; 64bit' Language: 'en' Physical Memory: 8039 MB
BatchMode: 1, IsHumanControllingUs: 0, StartBugReporterOnCrash: 0, Is64bit: 1, IsPro: 0

 COMMAND LINE ARGUMENTS:
E:\UNITY\2020.2.6f1\Editor\Unity.exe
-adb2
-batchMode
-noUpm
-name
AssetImportWorker0
-projectPath
E:/UNITY/PROJECTS/HEX-navigation-main/HEX navigation
-logFile
Logs/AssetImportWorker0.log
-srvPort
64758
Successfully changed project path to: E:/UNITY/PROJECTS/HEX-navigation-main/HEX navigation
E:/UNITY/PROJECTS/HEX-navigation-main/HEX navigation
Using Asset Import Pipeline V2.
Refreshing native plugins compatible for Editor in 21.55 ms, found 0 plugins.
Preloading 0 native plugins for Editor in 0.00 ms.
Initialize engine version: 2020.2.6f1 (8a2143876886)
[Subsystems] Discovering subsystems at path E:/UNITY/2020.2.6f1/Editor/Data/Resources/UnitySubsystems
[Subsystems] Discovering subsystems at path E:/UNITY/PROJECTS/HEX-navigation-main/HEX navigation/Assets
GfxDevice: creating device client; threaded=0
Direct3D:
    Version:  Direct3D 11.0 [level 11.1]
    Renderer: NVIDIA GeForce GTX 1050 Ti (ID=0x1c8c)
    Vendor:   
    VRAM:     4021 MB
    Driver:   27.21.14.6663
Initialize mono
Mono path[0] = 'E:/UNITY/2020.2.6f1/Editor/Data/Managed'
Mono path[1] = 'E:/UNITY/2020.2.6f1/Editor/Data/MonoBleedingEdge/lib/mono/unityjit'
Mono config path = 'E:/UNITY/2020.2.6f1/Editor/Data/MonoBleedingEdge/etc'
Using monoOptions --debugger-agent=transport=dt_socket,embedding=1,server=y,suspend=n,address=127.0.0.1:56740
Begin MonoManager ReloadAssembly
Registering precompiled unity dll's ...
Register platform support module: E:/UNITY/2020.2.6f1/Editor/Data/PlaybackEngines/WebGLSupport/UnityEditor.WebGL.Extensions.dll
Register platform support module: E:/UNITY/2020.2.6f1/Editor/Data/PlaybackEngines/WindowsStandaloneSupport/UnityEditor.WindowsStandalone.Extensions.dll
Registered in 0.001469 seconds.
Native extension for WindowsStandalone target not found
Native extension for WebGL target not found
Refreshing native plugins compatible for Editor in 21.61 ms, found 0 plugins.
Preloading 0 native plugins for Editor in 0.00 ms.
Invoked RoslynAnalysisRunner static constructor.
RoslynAnalysisRunner will not be running.
RoslynAnalysisRunner has terminated.
Mono: successfully reloaded assembly
- Completed reload, in  0.844 seconds
Platform modules already initialized, skipping
Registering precompiled user dll's ...
Registered in 0.000485 seconds.
Begin MonoManager ReloadAssembly
Native extension for WindowsStandalone target not found
Native extension for WebGL target not found
Refreshing native plugins compatible for Editor in 0.39 ms, found 0 plugins.
Preloading 0 native plugins for Editor in 0.00 ms.
Invoked RoslynAnalysisRunner static constructor.
RoslynAnalysisRunner will not be running.
RoslynAnalysisRunner has terminated.
Mono: successfully reloaded assembly
- Completed reload, in  0.875 seconds
Platform modules already initialized, skipping
========================================================================
Worker process is ready to serve import requests
Launched and connected shader compiler UnityShaderCompiler.exe after 0.05 seconds
Refreshing native plugins compatible for Editor in 0.34 ms, found 0 plugins.
Preloading 0 native plugins for Editor in 0.00 ms.
Unloading 1111 Unused Serialized files (Serialized files now loaded: 0)
System memory in use before: 57.0 MB.
System memory in use after: 57.1 MB.

Unloading 9 unused Assets to reduce memory usage. Loaded Objects now: 1554.
Total: 2.753700 ms (FindLiveObjects: 0.482500 ms CreateObjectMapping: 0.124200 ms MarkObjects: 2.060500 ms  DeleteObjects: 0.084000 ms)

========================================================================
Received Import Request.
  path: Assets/scripts/itemControl.cs
  artifactKey: Guid(9f83628742677b743872f64d93835061) Importer(815301076,1909f56bfc062723c751e8b465ee728b)
Start importing Assets/scripts/itemControl.cs using Guid(9f83628742677b743872f64d93835061) Importer(815301076,1909f56bfc062723c751e8b465ee728b)  -> (artifact id: '91aca70bd0ad26a90a54c3c36bac3049') in 0.084873 seconds
  Import took 0.087503 seconds .

========================================================================
Received Import Request.
  Time since last request: 199.799027 seconds.
  path: Assets/scripts/itemControl.cs
  artifactKey: Guid(9f83628742677b743872f64d93835061) Importer(815301076,1909f56bfc062723c751e8b465ee728b)
Start importing Assets/scripts/itemControl.cs using Guid(9f83628742677b743872f64d93835061) Importer(815301076,1909f56bfc062723c751e8b465ee728b)  -> (artifact id: 'd2db4dc0746648e6f4b9d97298ff1fad') in 0.002613 seconds
  Import took 0.005744 seconds .

========================================================================
Received Import Request.
  Time since last request: 0.002144 seconds.
  path: Assets/scripts/itemControl.cs
  artifactKey: Guid(9f83628742677b743872f64d93835061) Importer(815301076,1909f56bfc062723c751e8b465ee728b)
Start importing Assets/scripts/itemControl.cs using Guid(9f83628742677b743872f64d93835061) Importer(815301076,1909f56bfc062723c751e8b465ee728b)  -> (artifact id: 'd2db4dc0746648e6f4b9d97298ff1fad') in 0.002535 seconds
  Import took 0.004768 seconds .

========================================================================
Received Import Request.
  Time since last request: 153.467846 seconds.
  path: Assets/scripts/itemControl.cs
  artifactKey: Guid(9f83628742677b743872f64d93835061) Importer(815301076,1909f56bfc062723c751e8b465ee728b)
Start importing Assets/scripts/itemControl.cs using Guid(9f83628742677b743872f64d93835061) Importer(815301076,1909f56bfc062723c751e8b465ee728b)  -> (artifact id: 'faf9a2631943c10028525bfad475abca') in 0.001946 seconds
  Import took 0.004621 seconds .

========================================================================
Received Import Request.
  Time since last request: 0.003051 seconds.
  path: Assets/scripts/itemControl.cs
  artifactKey: Guid(9f83628742677b743872f64d93835061) Importer(815301076,1909f56bfc062723c751e8b465ee728b)
Start importing Assets/scripts/itemControl.cs using Guid(9f83628742677b743872f64d93835061) Importer(815301076,1909f56bfc062723c751e8b465ee728b)  -> (artifact id: 'faf9a2631943c10028525bfad475abca') in 0.002129 seconds
  Import took 0.004353 seconds .

========================================================================
Received Import Request.
  Time since last request: 13.847129 seconds.
  path: Assets/scripts/itemControl.cs
  artifactKey: Guid(9f83628742677b743872f64d93835061) Importer(815301076,1909f56bfc062723c751e8b465ee728b)
Start importing Assets/scripts/itemControl.cs using Guid(9f83628742677b743872f64d93835061) Importer(815301076,1909f56bfc062723c751e8b465ee728b)  -> (artifact id: '3d86c5b2525f425cdc79bda9d6f728cf') in 0.002021 seconds
  Import took 0.004667 seconds .

========================================================================
Received Import Request.
  Time since last request: 0.002678 seconds.
  path: Assets/scripts/itemControl.cs
  artifactKey: Guid(9f83628742677b743872f64d93835061) Importer(815301076,1909f56bfc062723c751e8b465ee728b)
Start importing Assets/scripts/itemControl.cs using Guid(9f83628742677b743872f64d93835061) Importer(815301076,1909f56bfc062723c751e8b465ee728b)  -> (artifact id: '3d86c5b2525f425cdc79bda9d6f728cf') in 0.002540 seconds
  Import took 0.004886 seconds .

========================================================================
Received Prepare
Registering precompiled user dll's ...
Registered in 0.000503 seconds.
Begin MonoManager ReloadAssembly
Native extension for WindowsStandalone target not found
Native extension for WebGL target not found
Refreshing native plugins compatible for Editor in 0.20 ms, found 0 plugins.
Preloading 0 native plugins for Editor in 0.00 ms.
Invoked RoslynAnalysisRunner static constructor.
RoslynAnalysisRunner will not be running.
RoslynAnalysisRunner has terminated.
Mono: successfully reloaded assembly
- Completed reload, in  0.752 seconds
Platform modules already initialized, skipping
Refreshing native plugins compatible for Editor in 0.21 ms, found 0 plugins.
Preloading 0 native plugins for Editor in 0.00 ms.
Unloading 1106 Unused Serialized files (Serialized files now loaded: 0)
System memory in use before: 57.0 MB.
System memory in use after: 57.1 MB.

Unloading 4 unused Assets to reduce memory usage. Loaded Objects now: 1556.
Total: 2.417500 ms (FindLiveObjects: 0.258400 ms CreateObjectMapping: 0.088300 ms MarkObjects: 2.044100 ms  DeleteObjects: 0.025100 ms)

========================================================================
Received Prepare
Registering precompiled user dll's ...
Registered in 0.000433 seconds.
Begin MonoManager ReloadAssembly
Native extension for WindowsStandalone target not found
Native extension for WebGL target not found
Refreshing native plugins compatible for Editor in 0.19 ms, found 0 plugins.
Preloading 0 native plugins for Editor in 0.00 ms.
Invoked RoslynAnalysisRunner static constructor.
RoslynAnalysisRunner will not be running.
RoslynAnalysisRunner has terminated.
Mono: successfully reloaded assembly
- Completed reload, in  0.682 seconds
Platform modules already initialized, skipping
Refreshing native plugins compatible for Editor in 0.42 ms, found 0 plugins.
Preloading 0 native plugins for Editor in 0.00 ms.
Unloading 1106 Unused Serialized files (Serialized files now loaded: 0)
System memory in use before: 57.0 MB.
System memory in use after: 57.1 MB.

Unloading 4 unused Assets to reduce memory usage. Loaded Objects now: 1558.
Total: 2.161200 ms (FindLiveObjects: 0.281800 ms CreateObjectMapping: 0.066600 ms MarkObjects: 1.787400 ms  DeleteObjects: 0.022800 ms)

AssetImportWorkerClient::OnTransportError - code=2 error=End of file
